<?xml version="1.0" encoding="UTF-8"?>
<testsuite name="oop.project.cli.ScenariosTests$Sub" tests="7" skipped="0" failures="0" errors="0" timestamp="2024-04-13T19:51:38" hostname="Elite.local" time="0.142">
  <properties/>
  <testcase name="[1] Sub, calc sub --left 1.0 --right 2.0, [{left=1.0, right=2.0}]" classname="oop.project.cli.ScenariosTests$Sub" time="0.077"/>
  <testcase name="[2] Left Only, calc sub --left 1.0, null" classname="oop.project.cli.ScenariosTests$Sub" time="0.002"/>
  <testcase name="[3] Right Only, calc sub --right 2.0, [{left=Optional.empty, right=2.0}]" classname="oop.project.cli.ScenariosTests$Sub" time="0.007"/>
  <testcase name="[4] Missing Value, calc sub --right, null" classname="oop.project.cli.ScenariosTests$Sub" time="0.003"/>
  <testcase name="[5] Extraneous Argument, calc sub --right 2.0 extraneous, null" classname="oop.project.cli.ScenariosTests$Sub" time="0.006"/>
  <testcase name="[6] Misspelled Flag, calc sub --write 2.0, null" classname="oop.project.cli.ScenariosTests$Sub" time="0.005"/>
  <testcase name="[7] Not A Number, calc sub --right two, null" classname="oop.project.cli.ScenariosTests$Sub" time="0.002"/>
  <system-out><![CDATA[]]></system-out>
  <system-err><![CDATA[]]></system-err>
</testsuite>
