<?xml version="1.0" encoding="UTF-8"?>
<testsuite name="oop.project.cli.ScenariosTests$Multiple" tests="1" skipped="0" failures="0" errors="0" timestamp="2024-04-17T23:21:36" hostname="Elite.local" time="0.342">
  <properties/>
  <testcase name="[1] Multiple calc, calc add 3 4 sub --left 1.0 --right 2.0, [{right=4, left=3}, {right=2.0, left=1.0}]" classname="oop.project.cli.ScenariosTests$Multiple" time="0.342"/>
  <system-out><![CDATA[]]></system-out>
  <system-err><![CDATA[]]></system-err>
</testsuite>
