<?xml version="1.0" encoding="UTF-8"?>
<testsuite name="oop.project.cli.ScenariosTests$Sqrt" tests="4" skipped="0" failures="0" errors="0" timestamp="2024-04-13T19:51:38" hostname="Elite.local" time="0.035">
  <properties/>
  <testcase name="[1] Valid, calc sqrt 4, [{number=4}]" classname="oop.project.cli.ScenariosTests$Sqrt" time="0.007"/>
  <testcase name="[2] Imperfect Square, calc sqrt 3, [{number=3}]" classname="oop.project.cli.ScenariosTests$Sqrt" time="0.003"/>
  <testcase name="[3] Zero, calc sqrt 0, [{number=0}]" classname="oop.project.cli.ScenariosTests$Sqrt" time="0.002"/>
  <testcase name="[4] Negative, calc sqrt -1, null" classname="oop.project.cli.ScenariosTests$Sqrt" time="0.005"/>
  <system-out><![CDATA[]]></system-out>
  <system-err><![CDATA[]]></system-err>
</testsuite>
