<?xml version="1.0" encoding="UTF-8"?>
<testsuite name="oop.project.cli.ScenariosTests$Help" tests="7" skipped="0" failures="0" errors="0" timestamp="2024-04-17T23:21:37" hostname="Elite.local" time="0.259">
  <properties/>
  <testcase name="[1] Help only, help, [{syntax=help [&lt;subcommand&gt;], subcommand=, example=help add}]" classname="oop.project.cli.ScenariosTests$Help" time="0.014"/>
  <testcase name="[2] Help Single arg (1), help calc add, [{syntax=add &lt;num1&gt; &lt;num2&gt;, subcommand=calc add, example=add 5 3}]" classname="oop.project.cli.ScenariosTests$Help" time="0.011"/>
  <testcase name="[3] Help Multiple arg, help calc add sub, null" classname="oop.project.cli.ScenariosTests$Help" time="0.019"/>
  <testcase name="[4] Help Single arg (2), help calc sub, [{syntax=sub &lt;num1&gt; &lt;num2&gt;, subcommand=calc sub, example=sub 8 2}]" classname="oop.project.cli.ScenariosTests$Help" time="0.005"/>
  <testcase name="[5] Help Single arg (3), help calc sqrt, [{syntax=sqrt &lt;number&gt;, subcommand=calc sqrt, example=sqrt 16}]" classname="oop.project.cli.ScenariosTests$Help" time="0.006"/>
  <testcase name="[6] Help Single arg (4), help calc, [{syntax=calc &lt;expression&gt;, subcommand=calc, example=calc add}]" classname="oop.project.cli.ScenariosTests$Help" time="0.002"/>
  <testcase name="[7] Help Single arg (5), help date, [{syntax=date &lt;year&gt;-&lt;month&gt;-&lt;day&gt;, subcommand=date, example=date 2024-01-01}]" classname="oop.project.cli.ScenariosTests$Help" time="0.003"/>
  <system-out><![CDATA[]]></system-out>
  <system-err><![CDATA[]]></system-err>
</testsuite>
