<?xml version="1.0" encoding="UTF-8"?>
<testsuite name="oop.project.cli.ScenariosTests$Sub" tests="7" skipped="0" failures="0" errors="0" timestamp="2024-04-07T21:12:15" hostname="Elite.local" time="0.074">
  <properties/>
  <testcase name="[1] Sub, sub --left 1.0 --right 2.0, {right=2.0, left=1.0}" classname="oop.project.cli.ScenariosTests$Sub" time="0.003"/>
  <testcase name="[2] Left Only, sub --left 1.0, null" classname="oop.project.cli.ScenariosTests$Sub" time="0.004"/>
  <testcase name="[3] Right Only, sub --right 2.0, {right=2.0, left=Optional.empty}" classname="oop.project.cli.ScenariosTests$Sub" time="0.002"/>
  <testcase name="[4] Missing Value, sub --right, null" classname="oop.project.cli.ScenariosTests$Sub" time="0.006"/>
  <testcase name="[5] Extraneous Argument, sub --right 2.0 extraneous, null" classname="oop.project.cli.ScenariosTests$Sub" time="0.009"/>
  <testcase name="[6] Misspelled Flag, sub --write 2.0, null" classname="oop.project.cli.ScenariosTests$Sub" time="0.002"/>
  <testcase name="[7] Not A Number, sub --right two, null" classname="oop.project.cli.ScenariosTests$Sub" time="0.004"/>
  <system-out><![CDATA[]]></system-out>
  <system-err><![CDATA[]]></system-err>
</testsuite>
