<?xml version="1.0" encoding="UTF-8"?>
<testsuite name="oop.project.cli.ScenariosTests$Date" tests="2" skipped="0" failures="0" errors="0" timestamp="2024-04-17T23:21:37" hostname="Elite.local" time="0.012">
  <properties/>
  <testcase name="[1] Date, date 2024-01-01, [{date=2024-01-01}]" classname="oop.project.cli.ScenariosTests$Date" time="0.006"/>
  <testcase name="[2] Invalid, date 20240401, null" classname="oop.project.cli.ScenariosTests$Date" time="0.002"/>
  <system-out><![CDATA[]]></system-out>
  <system-err><![CDATA[]]></system-err>
</testsuite>
